epoch,accuracy,loss,lr,val_accuracy,val_loss
0,0.6866666674613953,1.1378532648086548,1e-05,0.7916049361228943,0.8113108277320862
1,0.8133333325386047,0.7396996021270752,1e-05,0.7892768979072571,0.8513767123222351
2,0.8399999737739563,0.6439442038536072,1e-05,0.791957676410675,0.7294462323188782
3,0.8933333158493042,0.44504597783088684,1e-05,0.7984479665756226,0.752676784992218
4,0.846666693687439,0.6254441738128662,1e-05,0.7879365086555481,0.7360660433769226
5,0.8199999928474426,0.6521574258804321,1e-05,0.7584479451179504,0.8102362751960754
6,0.9133333563804626,0.43845704197883606,1e-05,0.8081128597259521,0.7790802121162415
7,0.8999999761581421,0.4174630641937256,1e-05,0.8153086304664612,0.7238026857376099
8,0.9466666579246521,0.29906177520751953,1e-05,0.8040916919708252,0.802025556564331
9,0.846666693687439,0.5532050728797913,1e-05,0.8166490197181702,0.6562659740447998
10,0.8799999952316284,0.35298267006874084,1e-05,0.7929453253746033,0.6738543510437012
11,0.8333333134651184,0.4784330129623413,1e-05,0.8396472930908203,0.5409974455833435
12,0.9200000166893005,0.31426680088043213,1e-05,0.8126278519630432,0.6279905438423157
13,0.8799999952316284,0.3632431924343109,1e-05,0.8159435391426086,0.6695066094398499
14,0.8733333349227905,0.41230764985084534,1e-05,0.8295590877532959,0.5884160995483398
15,0.8600000143051147,0.44832006096839905,9.900498e-06,0.8126984238624573,0.6560119986534119
16,0.8999999761581421,0.3804079592227936,9.801986e-06,0.8493121862411499,0.5401320457458496
17,0.8866666555404663,0.36470821499824524,9.704455e-06,0.8377425074577332,0.5597409009933472
18,0.8933333158493042,0.43583944439888,9.607894e-06,0.8448677062988281,0.5729386210441589
19,0.9066666960716248,0.34553954005241394,9.512294e-06,0.8376014232635498,0.6444945335388184
20,0.8866666555404663,0.4296402931213379,9.417645e-06,0.8396472930908203,0.5737066268920898
21,0.8866666555404663,0.405709445476532,9.323938e-06,0.8458553552627563,0.5258787274360657
22,0.9266666769981384,0.30600541830062866,9.231163e-06,0.8423985838890076,0.5370199680328369
23,0.9133333563804626,0.36665669083595276,9.139311e-06,0.8306878209114075,0.5602380037307739
24,0.8933333158493042,0.3056046962738037,9.048374e-06,0.7530864477157593,0.7398036122322083
25,0.9066666960716248,0.3309122622013092,8.958341e-06,0.8355555534362793,0.5584580302238464
26,0.9200000166893005,0.30326947569847107,8.869204e-06,0.835837721824646,0.5742684006690979
27,0.9466666579246521,0.17356105148792267,8.780954e-06,0.8183421492576599,0.6564034819602966
28,0.8666666746139526,0.4007894992828369,8.6935825e-06,0.8401411175727844,0.5728287100791931
29,0.9066666960716248,0.28164178133010864,8.6070795e-06,0.8261728286743164,0.665877103805542
30,0.9200000166893005,0.33025166392326355,8.521438e-06,0.8411287665367126,0.5331615805625916
31,0.8933333158493042,0.4037887752056122,8.436648e-06,0.8258200883865356,0.5975661277770996
32,0.95333331823349,0.13965317606925964,8.352702e-06,0.8425396680831909,0.5401857495307922
33,0.9200000166893005,0.280916690826416,8.2695915e-06,0.7738271355628967,0.7017896175384521
34,0.9399999976158142,0.24800531566143036,8.187308e-06,0.8508641719818115,0.5612644553184509
35,0.9466666579246521,0.18681925535202026,8.105842e-06,0.8227160573005676,0.597503125667572
36,0.9200000166893005,0.28914737701416016,8.025188e-06,0.8525573015213013,0.5216909050941467
37,0.9666666388511658,0.163679301738739,7.945337e-06,0.8418341875076294,0.546084463596344
38,0.9333333373069763,0.21307261288166046,7.866279e-06,0.8464903235435486,0.5325891971588135
39,0.9333333373069763,0.2848682701587677,7.788008e-06,0.8540387749671936,0.5058881640434265
40,0.9066666960716248,0.28271129727363586,7.710516e-06,0.8481128811836243,0.5201748013496399
41,0.9333333373069763,0.21061277389526367,7.633796e-06,0.8675132393836975,0.4829932749271393
42,0.9399999976158142,0.19218392670154572,7.557838e-06,0.8662433624267578,0.5152568221092224
43,0.9466666579246521,0.24135498702526093,7.4826366e-06,0.8591181635856628,0.5418511033058167
44,0.8999999761581421,0.268157422542572,7.408183e-06,0.8530511260032654,0.5285387635231018
45,0.9266666769981384,0.2965216040611267,7.3344704e-06,0.8493826985359192,0.5037859082221985
46,0.9333333373069763,0.23159395158290863,7.261491e-06,0.8605996370315552,0.4800286293029785
47,0.9200000166893005,0.22987261414527893,7.189238e-06,0.8577072024345398,0.5238013863563538
48,0.9666666388511658,0.11504249274730682,7.117704e-06,0.8701940178871155,0.4772220849990845
49,0.9466666579246521,0.1714467704296112,7.046882e-06,0.8508641719818115,0.6194338798522949
50,0.9200000166893005,0.25900352001190186,6.9767643e-06,0.8523457050323486,0.5109407901763916
51,0.8999999761581421,0.3748100697994232,6.9073444e-06,0.869559109210968,0.4578052759170532
52,0.9399999976158142,0.18506371974945068,6.8386153e-06,0.8464903235435486,0.5378826856613159
53,0.9266666769981384,0.2782675623893738,6.77057e-06,0.8554497361183167,0.5364192724227905
54,0.9599999785423279,0.21738117933273315,6.703202e-06,0.8624338507652283,0.482252836227417
55,0.8733333349227905,0.3302675783634186,6.636504e-06,0.8428924083709717,0.5176596641540527
56,0.9666666388511658,0.17654496431350708,6.57047e-06,0.8595414757728577,0.4906180799007416
57,0.9066666960716248,0.2871324419975281,6.5050926e-06,0.8001410961151123,0.6602039933204651
58,0.9066666960716248,0.3372971713542938,6.4403657e-06,0.8377425074577332,0.5346077084541321
59,0.9666666388511658,0.10901901125907898,6.376283e-06,0.8378130793571472,0.5401286482810974
60,0.9200000166893005,0.21288897097110748,6.312838e-06,0.8711110949516296,0.43870002031326294
61,0.9333333373069763,0.2841527462005615,6.2500244e-06,0.8368253707885742,0.5537369251251221
62,0.9599999785423279,0.1449446827173233,6.1878354e-06,0.8527689576148987,0.5838410258293152
63,0.95333331823349,0.22056184709072113,6.1262654e-06,0.8621516823768616,0.45552197098731995
64,0.9399999976158142,0.18984735012054443,6.065308e-06,0.8497354388237,0.5311826467514038
65,0.9333333373069763,0.22415801882743835,6.004957e-06,0.8675837516784668,0.44366487860679626
66,0.9266666769981384,0.24827547371387482,5.945207e-06,0.86687833070755,0.4488983750343323
67,0.9399999976158142,0.15948845446109772,5.886051e-06,0.8673015832901001,0.4731505811214447
68,0.9266666769981384,0.27143004536628723,5.8274836e-06,0.8647618889808655,0.43982207775115967
69,0.8933333158493042,0.24313168227672577,5.7694992e-06,0.8754850029945374,0.4339010715484619
70,0.9266666769981384,0.2699230909347534,5.712092e-06,0.869488537311554,0.4429915249347687
71,0.9333333373069763,0.24263396859169006,5.655256e-06,0.8659611940383911,0.47663015127182007
72,0.9333333373069763,0.23420140147209167,5.598985e-06,0.8717460036277771,0.4279066026210785
73,0.9733333587646484,0.15645916759967804,5.5432743e-06,0.8711816668510437,0.45030978322029114
74,0.9666666388511658,0.14477038383483887,5.488118e-06,0.8716049194335938,0.4391826093196869
75,0.9666666388511658,0.13284805417060852,5.43351e-06,0.8737213611602783,0.4710511267185211
76,0.9200000166893005,0.258887380361557,5.3794456e-06,0.8567195534706116,0.48350760340690613
77,0.9333333373069763,0.2098958045244217,5.325919e-06,0.8634214997291565,0.4656032919883728
78,0.95333331823349,0.15526831150054932,5.2729256e-06,0.8727337121963501,0.4539721608161926
79,0.9599999785423279,0.14779657125473022,5.220459e-06,0.8749911785125732,0.4360712766647339
80,0.9066666960716248,0.1963966339826584,5.1685147e-06,0.8815520405769348,0.42416900396347046
81,0.9466666579246521,0.1332918107509613,5.1170873e-06,0.862786591053009,0.4973495304584503
82,0.9333333373069763,0.17050452530384064,5.0661715e-06,0.8464197516441345,0.5551393628120422
83,0.9133333563804626,0.29559800028800964,5.0157623e-06,0.8702645301818848,0.4414108395576477
84,0.9466666579246521,0.1724349409341812,4.9658547e-06,0.8872663378715515,0.42059025168418884
85,0.9333333373069763,0.24338354170322418,4.9164437e-06,0.8771781325340271,0.4074503481388092
86,0.9399999976158142,0.19361233711242676,4.8675242e-06,0.8806349039077759,0.4131328761577606
87,0.9466666579246521,0.1607457548379898,4.8190914e-06,0.8772487044334412,0.46910667419433594
88,0.9599999785423279,0.13875506818294525,4.7711405e-06,0.878024697303772,0.4244055449962616
89,0.9666666388511658,0.15500324964523315,4.7236667e-06,0.8746384382247925,0.457695871591568
90,0.95333331823349,0.12558352947235107,4.6766654e-06,0.8742856979370117,0.4453963041305542
91,0.95333331823349,0.13879510760307312,4.630132e-06,0.877107560634613,0.44062161445617676
92,0.9666666388511658,0.10031533241271973,4.5840616e-06,0.8847266435623169,0.43383902311325073
93,0.9399999976158142,0.17682772874832153,4.5384495e-06,0.8809876441955566,0.4228475093841553
94,0.9599999785423279,0.14900371432304382,4.4932913e-06,0.8782363533973694,0.43305590748786926
95,0.9266666769981384,0.25144121050834656,4.4485823e-06,0.8639153242111206,0.43669089674949646
96,0.9599999785423279,0.14349901676177979,4.404318e-06,0.8780952095985413,0.44198641180992126
97,0.9666666388511658,0.12331368774175644,4.3604946e-06,0.8835979104042053,0.4363034665584564
98,0.95333331823349,0.18375679850578308,4.317107e-06,0.8574250340461731,0.4795401692390442
99,0.9133333563804626,0.30850884318351746,4.2741513e-06,0.8769664764404297,0.41155004501342773
100,0.9200000166893005,0.26741400361061096,4.231623e-06,0.8804233074188232,0.41085711121559143
101,0.9399999976158142,0.1766616255044937,4.1895173e-06,0.8747795224189758,0.45087099075317383
102,0.9666666388511658,0.1009194478392601,4.147831e-06,0.8761199116706848,0.4368510842323303
103,0.95333331823349,0.11535820364952087,4.1065596e-06,0.8495943546295166,0.5448659062385559
104,0.9466666579246521,0.1893111616373062,4.0656987e-06,0.8579188585281372,0.49010881781578064
105,0.9666666388511658,0.12345823645591736,4.0252444e-06,0.875767171382904,0.4424017369747162
106,0.95333331823349,0.12468425929546356,4.0252444e-06,0.8752028346061707,0.45274782180786133
107,0.9666666388511658,0.08668757230043411,4.0252444e-06,0.8770370483398438,0.45452243089675903
108,0.9399999976158142,0.1963692605495453,4.0252444e-06,0.8530511260032654,0.5451822280883789
109,0.9466666579246521,0.24800537526607513,4.0252444e-06,0.8661728501319885,0.4726017117500305
110,0.9599999785423279,0.12528428435325623,4.0252444e-06,0.883880078792572,0.4080749452114105
111,0.9666666388511658,0.13916896283626556,4.0252444e-06,0.8864902853965759,0.41281893849372864
112,0.9466666579246521,0.1723271757364273,4.0252444e-06,0.8861375451087952,0.3997723162174225
113,0.9599999785423279,0.12930141389369965,4.0252444e-06,0.8819752931594849,0.4515742063522339
114,0.9599999785423279,0.13847865164279938,4.0252444e-06,0.8808465600013733,0.4224867522716522
115,0.9733333587646484,0.08756297826766968,4.0252444e-06,0.8828924298286438,0.4438340961933136
116,0.9599999785423279,0.13288216292858124,4.0252444e-06,0.8779541254043579,0.4662781357765198
117,0.95333331823349,0.14384479820728302,4.0252444e-06,0.8792945146560669,0.4537753164768219
118,0.9133333563804626,0.25139254331588745,4.0252444e-06,0.88698410987854,0.41605496406555176
119,0.95333331823349,0.13593469560146332,4.0252444e-06,0.8881129026412964,0.42672380805015564
120,0.95333331823349,0.125822052359581,4.0252444e-06,0.8801410794258118,0.4475676417350769
121,0.9599999785423279,0.10467581450939178,4.0252444e-06,0.8826807737350464,0.4282524287700653
122,0.9599999785423279,0.13004808127880096,4.0252444e-06,0.8882539868354797,0.4407668709754944
123,0.9599999785423279,0.0868600606918335,4.0252444e-06,0.8802116513252258,0.47400495409965515
124,0.95333331823349,0.1298830807209015,4.0252444e-06,0.8803527355194092,0.4310738146305084
125,0.9333333373069763,0.17682991921901703,4.0252444e-06,0.8835979104042053,0.4098264276981354
126,0.9599999785423279,0.10097966343164444,4.0252444e-06,0.8764726519584656,0.506805956363678
127,0.95333331823349,0.1241205483675003,4.0252444e-06,0.8831745982170105,0.42974793910980225
128,0.95333331823349,0.16905520856380463,4.0252444e-06,0.8799999952316284,0.4467828571796417
129,0.95333331823349,0.1617388129234314,4.0252444e-06,0.8833862543106079,0.4187167286872864
130,0.9666666388511658,0.1406746804714203,4.0252444e-06,0.8781657814979553,0.4764561951160431
131,0.9599999785423279,0.1262722760438919,4.0252444e-06,0.866807758808136,0.502112627029419
132,0.9599999785423279,0.18425635993480682,4.0252444e-06,0.8843739032745361,0.4146406650543213
133,0.9866666793823242,0.05205153301358223,4.0252444e-06,0.8808465600013733,0.4651930332183838
134,0.9666666388511658,0.1399947553873062,4.0252444e-06,0.8762609958648682,0.44550687074661255
135,0.9133333563804626,0.23659436404705048,4.0252444e-06,0.8586243391036987,0.481723815202713
136,0.9333333373069763,0.21914060413837433,4.0252444e-06,0.8261023163795471,0.5766573548316956
137,0.9333333373069763,0.2088378518819809,4.0252444e-06,0.872663140296936,0.4343734085559845
138,0.9466666579246521,0.12734408676624298,4.0252444e-06,0.8767548203468323,0.42800086736679077
139,0.9800000190734863,0.06848341971635818,4.0252444e-06,0.8902292847633362,0.440486341714859
140,0.9066666960716248,0.34439215064048767,4.0252444e-06,0.8635625839233398,0.45772305130958557
141,0.9666666388511658,0.12790122628211975,4.0252444e-06,0.8887478113174438,0.3995349109172821
142,0.9200000166893005,0.20097413659095764,4.0252444e-06,0.8721693158149719,0.4306466281414032
143,0.9666666388511658,0.14352701604366302,4.0252444e-06,0.8906525373458862,0.40940338373184204
144,0.9733333587646484,0.07013092190027237,4.0252444e-06,0.8905820250511169,0.4132287800312042
145,0.9733333587646484,0.1130506619811058,4.0252444e-06,0.8914991021156311,0.4281373620033264
146,0.9333333373069763,0.1919640749692917,4.0252444e-06,0.8886067271232605,0.41438934206962585
147,0.9666666388511658,0.10966223478317261,4.0252444e-06,0.8874074220657349,0.39861583709716797
148,0.9599999785423279,0.1424897462129593,4.0252444e-06,0.8888183236122131,0.39637303352355957
149,0.9733333587646484,0.0911332443356514,4.0252444e-06,0.8889594078063965,0.38823047280311584
150,0.9733333587646484,0.07010028511285782,4.0252444e-06,0.8922045826911926,0.37676388025283813
151,0.9733333587646484,0.07358933985233307,4.0252444e-06,0.8816225528717041,0.518038809299469
152,0.9399999976158142,0.16080427169799805,4.0252444e-06,0.8823986053466797,0.41483306884765625
153,0.9599999785423279,0.11949879676103592,4.0252444e-06,0.8644091486930847,0.4482090175151825
154,0.95333331823349,0.15397264063358307,4.0252444e-06,0.8860670328140259,0.3946898877620697
155,0.9666666388511658,0.08372408896684647,4.0252444e-06,0.8891710638999939,0.41916364431381226
156,0.9333333373069763,0.19314312934875488,4.0252444e-06,0.8706172704696655,0.469610333442688
157,0.9666666388511658,0.10813896358013153,4.0252444e-06,0.883809506893158,0.40601301193237305
158,0.9466666579246521,0.123663991689682,4.0252444e-06,0.887901246547699,0.3915403485298157
159,0.9333333373069763,0.18265585601329803,4.0252444e-06,0.8819752931594849,0.40600553154945374
160,0.9599999785423279,0.1311851441860199,4.0252444e-06,0.882469117641449,0.41205817461013794
161,0.95333331823349,0.2477376013994217,4.0252444e-06,0.8895943760871887,0.39203566312789917
162,0.9800000190734863,0.08053859323263168,4.0252444e-06,0.8887478113174438,0.4240378737449646
163,0.9200000166893005,0.23373542726039886,4.0252444e-06,0.885220468044281,0.40807515382766724
164,0.9399999976158142,0.12935899198055267,4.0252444e-06,0.8874074220657349,0.39134708046913147
165,0.9866666793823242,0.06636149436235428,4.0252444e-06,0.8881834149360657,0.433509886264801
166,0.95333331823349,0.1872401237487793,4.0252444e-06,0.8814814686775208,0.42626798152923584
167,0.9466666579246521,0.13300614058971405,4.0252444e-06,0.8893827199935913,0.3868832290172577
168,0.95333331823349,0.11724459379911423,4.0252444e-06,0.8833156824111938,0.42526423931121826
169,0.95333331823349,0.10176727920770645,4.0252444e-06,0.8860670328140259,0.4227288067340851
170,0.9597315192222595,0.14446836709976196,4.0252444e-06,0.8897354602813721,0.39197638630867004
171,0.9599999785423279,0.13191866874694824,4.0252444e-06,0.8873368501663208,0.41653063893318176
172,0.9599999785423279,0.12802934646606445,4.0252444e-06,0.8905114531517029,0.42584720253944397
173,0.9733333587646484,0.07427622377872467,4.0252444e-06,0.8816931247711182,0.4780481159687042
174,0.9666666388511658,0.10528445988893509,4.0252444e-06,0.8850793838500977,0.4062173366546631
175,0.9266666769981384,0.2111346423625946,4.0252444e-06,0.8885361552238464,0.41947320103645325
176,0.9133333563804626,0.20125415921211243,4.0252444e-06,0.8702645301818848,0.45350268483161926
177,0.9200000166893005,0.2398384064435959,4.0252444e-06,0.8901587128639221,0.3913550078868866
178,0.95333331823349,0.09423276036977768,4.0252444e-06,0.8833156824111938,0.44579195976257324
179,0.9333333373069763,0.15815255045890808,4.0252444e-06,0.8873368501663208,0.40310898423194885
180,0.95333331823349,0.17434602975845337,4.0252444e-06,0.8907231092453003,0.4058334231376648
181,0.9333333373069763,0.19278772175312042,4.0252444e-06,0.878447949886322,0.4342205822467804
182,0.9599999785423279,0.1506733000278473,4.0252444e-06,0.888324499130249,0.4034551680088043
183,0.95333331823349,0.1187484860420227,4.0252444e-06,0.8884655833244324,0.4341040849685669
184,0.9466666579246521,0.14946533739566803,4.0252444e-06,0.8875485062599182,0.38785022497177124
185,0.9599999785423279,0.1544511914253235,4.0252444e-06,0.8922045826911926,0.37597617506980896
186,0.9333333373069763,0.19561921060085297,4.0252444e-06,0.8850793838500977,0.3903288245201111
187,0.9466666579246521,0.14011482894420624,4.0252444e-06,0.8901587128639221,0.3769199252128601
188,0.9933333396911621,0.06332364678382874,4.0252444e-06,0.8911463618278503,0.40829330682754517
189,0.9800000190734863,0.08522742241621017,4.0252444e-06,0.8775308728218079,0.44125470519065857
190,0.9599999785423279,0.09307025372982025,4.0252444e-06,0.8924867510795593,0.3954503536224365
191,0.95333331823349,0.15773287415504456,4.0252444e-06,0.8813403844833374,0.4289915859699249
192,0.9200000166893005,0.2884995937347412,4.0252444e-06,0.8942504525184631,0.3701633810997009
193,0.9800000190734863,0.09551308304071426,4.0252444e-06,0.8931922316551208,0.4003296494483948
194,0.9733333587646484,0.08337421715259552,4.0252444e-06,0.8938977122306824,0.39945000410079956
195,0.9666666388511658,0.08914215117692947,4.0252444e-06,0.8891710638999939,0.4211964011192322
196,0.9666666388511658,0.08052079379558563,4.0252444e-06,0.8877601623535156,0.41255059838294983
197,0.9399999976158142,0.17422737181186676,4.0252444e-06,0.8902292847633362,0.3964579999446869
198,0.9733333587646484,0.07977571338415146,4.0252444e-06,0.8894532918930054,0.45888638496398926
199,0.95333331823349,0.1786748617887497,4.0252444e-06,0.8813403844833374,0.46773743629455566
200,0.9466666579246521,0.09644974023103714,4.0252444e-06,0.8961551785469055,0.3914699852466583
201,0.95333331823349,0.14438539743423462,4.0252444e-06,0.8921340107917786,0.4131038784980774
202,0.9666666388511658,0.14921320974826813,4.0252444e-06,0.8924867510795593,0.38683363795280457
203,0.9333333373069763,0.16349685192108154,4.0252444e-06,0.8969312310218811,0.3814930319786072
204,0.9866666793823242,0.036370012909173965,4.0252444e-06,0.8970017433166504,0.3774353861808777
205,0.95333331823349,0.14233709871768951,4.0252444e-06,0.8914991021156311,0.3839986026287079
206,0.9733333587646484,0.1101582869887352,4.0252444e-06,0.8876895904541016,0.39528900384902954
207,0.95333331823349,0.1566993147134781,4.0252444e-06,0.8843739032745361,0.39721032977104187
208,0.9733333587646484,0.06201718747615814,4.0252444e-06,0.8816225528717041,0.44053539633750916
209,0.9800000190734863,0.09223132580518723,4.0252444e-06,0.8812698125839233,0.4873041808605194
210,0.95333331823349,0.09706462174654007,4.0252444e-06,0.8867725133895874,0.4254685640335083
211,0.9399999976158142,0.21934209764003754,4.0252444e-06,0.8799294829368591,0.41887572407722473
212,0.95333331823349,0.1453511118888855,4.0252444e-06,0.89241623878479,0.36591315269470215
213,0.9666666388511658,0.14362071454524994,4.0252444e-06,0.8766137361526489,0.4129534661769867
214,0.9599999785423279,0.1697065234184265,4.0252444e-06,0.8958730101585388,0.3582482933998108
215,0.9399999976158142,0.13338881731033325,4.0252444e-06,0.8814814686775208,0.42609864473342896
216,0.9333333373069763,0.16252277791500092,4.0252444e-06,0.8862081170082092,0.40096384286880493
217,0.9599999785423279,0.10970059782266617,4.0252444e-06,0.8942504525184631,0.38090837001800537
218,0.9599999785423279,0.11369340121746063,4.0252444e-06,0.8996825218200684,0.38266006112098694
219,0.95333331823349,0.07345431298017502,4.0252444e-06,0.8894532918930054,0.41321903467178345
220,0.95333331823349,0.17344628274440765,4.0252444e-06,0.8664550185203552,0.45778611302375793
221,0.95333331823349,0.10526217520236969,4.0252444e-06,0.8837389945983887,0.39658185839653015
222,0.9599999785423279,0.1330977827310562,4.0252444e-06,0.8921340107917786,0.3740684986114502
223,0.9666666388511658,0.15456795692443848,4.0252444e-06,0.89241623878479,0.37366336584091187
224,1.0,0.021464506164193153,4.0252444e-06,0.8936155438423157,0.39776065945625305
225,0.9800000190734863,0.0656910166144371,4.0252444e-06,0.8777425289154053,0.4407392740249634
226,0.9466666579246521,0.1765805035829544,4.0252444e-06,0.8879717588424683,0.4043346643447876
227,0.9599999785423279,0.1540384590625763,4.0252444e-06,0.8832451701164246,0.40809544920921326
228,0.9599999785423279,0.08960230648517609,4.0252444e-06,0.889664888381958,0.3990347385406494
229,0.9666666388511658,0.12867923080921173,4.0252444e-06,0.8835979104042053,0.41417068243026733
230,0.9800000190734863,0.09293115884065628,4.0252444e-06,0.8917813301086426,0.4032691717147827
231,0.9933333396911621,0.038668230175971985,4.0252444e-06,0.8934038877487183,0.43079763650894165
232,0.9599999785423279,0.1339711844921112,4.0252444e-06,0.8930511474609375,0.4124656021595001
233,0.9733333587646484,0.07194013148546219,4.0252444e-06,0.8934744000434875,0.4083673059940338
234,0.9733333587646484,0.12213831394910812,4.0252444e-06,0.8895238041877747,0.4229156970977783
235,0.9599999785423279,0.12330024689435959,4.0252444e-06,0.8917107582092285,0.3822476863861084
236,0.95333331823349,0.1514255851507187,4.0252444e-06,0.8852909803390503,0.41009917855262756
237,0.9599999785423279,0.1396448314189911,4.0252444e-06,0.8914991021156311,0.38321369886398315
238,0.9733333587646484,0.1134953573346138,4.0252444e-06,0.8808465600013733,0.42132148146629333
239,0.9666666388511658,0.07667884230613708,4.0252444e-06,0.8799294829368591,0.425896555185318
240,0.9733333587646484,0.07313656806945801,4.0252444e-06,0.8867725133895874,0.45520034432411194
241,0.9866666793823242,0.07171481102705002,4.0252444e-06,0.8689241409301758,0.46081840991973877
242,0.9666666388511658,0.13561603426933289,4.0252444e-06,0.858342170715332,0.46963199973106384
243,0.9666666388511658,0.11211811006069183,4.0252444e-06,0.89241623878479,0.4146052300930023
244,0.9599999785423279,0.11984211951494217,4.0252444e-06,0.8864197731018066,0.4182945191860199
245,0.9733333587646484,0.07244329154491425,4.0252444e-06,0.891075849533081,0.40869441628456116
246,0.9933333396911621,0.024897992610931396,4.0252444e-06,0.8887478113174438,0.4788001775741577
247,0.9800000190734863,0.09028434753417969,4.0252444e-06,0.8970017433166504,0.43836551904678345
248,0.95333331823349,0.17309848964214325,4.0252444e-06,0.868571400642395,0.4674721658229828
249,0.9599999785423279,0.13251227140426636,4.0252444e-06,0.8789417743682861,0.4501012861728668
250,0.9466666579246521,0.19318997859954834,4.0252444e-06,0.8885361552238464,0.405741423368454
251,0.9800000190734863,0.040613844990730286,4.0252444e-06,0.8960140943527222,0.41801679134368896
252,0.9666666388511658,0.10177165269851685,4.0252444e-06,0.8975661396980286,0.41248562932014465
253,0.9733333587646484,0.06619277596473694,4.0252444e-06,0.8954497575759888,0.4201349914073944
254,0.9466666579246521,0.09531251341104507,4.0252444e-06,0.8974250555038452,0.42332375049591064
255,0.9733333587646484,0.1949739009141922,4.0252444e-06,0.8952381014823914,0.3950389325618744
256,0.9599999785423279,0.11646602302789688,4.0252444e-06,0.892345666885376,0.42957955598831177
257,0.95333331823349,0.1533932387828827,4.0252444e-06,0.9010934829711914,0.3782605826854706
258,0.95333331823349,0.11322500556707382,4.0252444e-06,0.8889594078063965,0.48308032751083374
259,0.9466666579246521,0.15984585881233215,4.0252444e-06,0.9046913385391235,0.3672509491443634
260,0.9666666388511658,0.10016313195228577,4.0252444e-06,0.9001058340072632,0.3890937864780426
261,0.9466666579246521,0.14274334907531738,4.0252444e-06,0.900458574295044,0.403813898563385
262,0.9266666769981384,0.17064838111400604,4.0252444e-06,0.9010934829711914,0.37468650937080383
263,0.9800000190734863,0.07126481086015701,4.0252444e-06,0.8975661396980286,0.39249861240386963
264,0.9933333396911621,0.03093266487121582,4.0252444e-06,0.8905114531517029,0.44874557852745056
265,0.9466666579246521,0.13498371839523315,4.0252444e-06,0.8891005516052246,0.4252207577228546
266,0.95333331823349,0.17857487499713898,4.0252444e-06,0.902292788028717,0.3690657615661621
267,0.9800000190734863,0.06155015155673027,4.0252444e-06,0.8888888955116272,0.4202897250652313
268,0.9800000190734863,0.07453418523073196,4.0252444e-06,0.8922045826911926,0.4116542935371399
269,0.9466666579246521,0.17504633963108063,4.0252444e-06,0.8701234459877014,0.45394864678382874
270,0.9599999785423279,0.15143245458602905,4.0252444e-06,0.8829629421234131,0.4296298921108246
271,0.9800000190734863,0.08590642362833023,4.0252444e-06,0.8972133994102478,0.3992285132408142
272,0.9933333396911621,0.03826551139354706,4.0252444e-06,0.8893827199935913,0.44783544540405273
273,0.9666666388511658,0.07846904546022415,4.0252444e-06,0.8850793838500977,0.44062525033950806
274,0.9466666579246521,0.1210797131061554,4.0252444e-06,0.8953086137771606,0.4168558120727539
275,0.95333331823349,0.1804208606481552,4.0252444e-06,0.8908641934394836,0.4062124788761139
276,0.9666666388511658,0.0834590345621109,4.0252444e-06,0.8987654447555542,0.4070074260234833
277,0.9733333587646484,0.07115530967712402,4.0252444e-06,0.8849382996559143,0.4994211494922638
278,0.9599999785423279,0.137784942984581,4.0252444e-06,0.9009523987770081,0.4438275396823883
279,0.95333331823349,0.15705211460590363,4.0252444e-06,0.8980599641799927,0.3971081078052521
280,0.9866666793823242,0.07451554387807846,4.0252444e-06,0.8987654447555542,0.42638447880744934
281,0.9866666793823242,0.05471092835068703,4.0252444e-06,0.9029276967048645,0.40512993931770325
282,0.9466666579246521,0.15185311436653137,4.0252444e-06,0.8151675462722778,0.6666371822357178
283,0.9666666388511658,0.11154268682003021,4.0252444e-06,0.8942504525184631,0.3906019628047943
284,0.9599999785423279,0.11816474795341492,4.0252444e-06,0.8946737051010132,0.3965515196323395
285,0.9733333587646484,0.1278999149799347,4.0252444e-06,0.8944621086120605,0.373916357755661
286,0.9800000190734863,0.053125686943531036,4.0252444e-06,0.8920634984970093,0.40794309973716736
287,0.9800000190734863,0.04622224345803261,4.0252444e-06,0.895097017288208,0.41515159606933594
288,0.9599999785423279,0.12055211514234543,4.0252444e-06,0.8897354602813721,0.43625572323799133
289,0.9733333587646484,0.08967810124158859,4.0252444e-06,0.900458574295044,0.3737449645996094
290,0.9866666793823242,0.046575210988521576,4.0252444e-06,0.9032098650932312,0.3803689181804657
291,0.9733333587646484,0.05977363511919975,4.0252444e-06,0.9046208262443542,0.385971337556839
292,0.9933333396911621,0.023992294445633888,4.0252444e-06,0.8967195749282837,0.46215301752090454
293,0.9666666388511658,0.08194832503795624,4.0252444e-06,0.8999647498130798,0.39716872572898865
294,0.9666666388511658,0.09708279371261597,4.0252444e-06,0.8900176286697388,0.4850074052810669
295,0.95333331823349,0.1604980230331421,4.0252444e-06,0.8782363533973694,0.5054262280464172
296,0.9599999785423279,0.14010173082351685,4.0252444e-06,0.8965079188346863,0.40236008167266846
297,0.9666666388511658,0.10103967785835266,4.0252444e-06,0.8951675295829773,0.4091852307319641
298,0.9266666769981384,0.2132883220911026,4.0252444e-06,0.8806349039077759,0.4118640124797821
299,0.9599999785423279,0.10884813964366913,4.0252444e-06,0.8976367115974426,0.3896512985229492
300,0.9666666388511658,0.15685494244098663,4.0252444e-06,0.8955908417701721,0.36325496435165405
301,0.9599999785423279,0.09829169511795044,4.0252444e-06,0.8972839713096619,0.4014583230018616
302,0.9866666793823242,0.0448150672018528,4.0252444e-06,0.9037036895751953,0.3828830420970917
303,0.9599999785423279,0.11533733457326889,4.0252444e-06,0.877107560634613,0.43756869435310364
304,0.9666666388511658,0.09305030852556229,4.0252444e-06,0.8844444155693054,0.4526109993457794
305,0.9866666793823242,0.04828183352947235,4.0252444e-06,0.8993297815322876,0.46545565128326416
306,0.9733333587646484,0.053609974682331085,4.0252444e-06,0.8835979104042053,0.4870831370353699
307,0.9466666579246521,0.14942073822021484,4.0252444e-06,0.8946031928062439,0.41822493076324463
308,0.9733333587646484,0.07683127373456955,4.0252444e-06,0.9052557349205017,0.3788599669933319
309,0.9599999785423279,0.14032605290412903,4.0252444e-06,0.8957319259643555,0.44777750968933105
310,0.9666666388511658,0.10368353128433228,4.0252444e-06,0.9046208262443542,0.3385962247848511
311,0.9800000190734863,0.07553830742835999,4.0252444e-06,0.8947442770004272,0.376695841550827
312,0.9599999785423279,0.12449068576097488,4.0252444e-06,0.8833156824111938,0.5230733752250671
313,0.95333331823349,0.1536034792661667,4.0252444e-06,0.8958024978637695,0.38805779814720154
314,0.9733333587646484,0.07199642062187195,4.0252444e-06,0.8999647498130798,0.3885347843170166
315,0.9599999785423279,0.12392519414424896,4.0252444e-06,0.8991886973381042,0.35529375076293945
316,0.9399999976158142,0.142215296626091,4.0252444e-06,0.8954497575759888,0.36080610752105713
317,0.9866666793823242,0.047261323779821396,4.0252444e-06,0.8992592692375183,0.3940221667289734
318,0.9800000190734863,0.08498086780309677,4.0252444e-06,0.8890299797058105,0.4316447675228119
319,0.9733333587646484,0.1528860330581665,4.0252444e-06,0.9029982089996338,0.35323184728622437
320,0.9599999785423279,0.1030471995472908,4.0252444e-06,0.8689241409301758,0.4729021191596985
321,0.9466666579246521,0.11434809118509293,4.0252444e-06,0.89241623878479,0.42340078949928284
322,0.9800000190734863,0.07969271391630173,4.0252444e-06,0.8955202698707581,0.39785125851631165
323,0.9800000190734863,0.05990123748779297,4.0252444e-06,0.8992592692375183,0.3783912658691406
324,0.9599999785423279,0.08327379822731018,4.0252444e-06,0.8986948728561401,0.3959377706050873
325,0.9800000190734863,0.049676861613988876,4.0252444e-06,0.9013051390647888,0.4072194993495941
326,0.9933333396911621,0.02741377241909504,4.0252444e-06,0.8997530937194824,0.4041885733604431
327,0.95333331823349,0.19256891310214996,4.0252444e-06,0.8871251940727234,0.458903044462204
328,0.95333331823349,0.12047074735164642,4.0252444e-06,0.8870546817779541,0.5013752579689026
329,0.9733333587646484,0.0917232558131218,4.0252444e-06,0.8850088119506836,0.45839354395866394
330,0.9599999785423279,0.1061437651515007,4.0252444e-06,0.8862786889076233,0.4321945905685425
331,0.9466666579246521,0.18575327098369598,4.0252444e-06,0.8906525373458862,0.39239737391471863
332,0.9866666793823242,0.09235399961471558,4.0252444e-06,0.8962963223457336,0.3877008259296417
333,1.0,0.02905913069844246,4.0252444e-06,0.8975661396980286,0.43128880858421326
334,0.9866666793823242,0.046066198498010635,4.0252444e-06,0.8941798806190491,0.4652569591999054
335,0.9599999785423279,0.1477118730545044,4.0252444e-06,0.8941093683242798,0.41345691680908203
336,0.9733333587646484,0.10478875786066055,4.0252444e-06,0.8550969958305359,0.5156890153884888
337,0.9933333396911621,0.0313548818230629,4.0252444e-06,0.8914285898208618,0.42958927154541016
338,0.9399999976158142,0.1631665676832199,4.0252444e-06,0.8933333158493042,0.4003337323665619
339,0.9800000190734863,0.06284058839082718,4.0252444e-06,0.8864197731018066,0.4266548156738281
340,0.9666666388511658,0.0670546218752861,4.0252444e-06,0.8830335140228271,0.4687792658805847
341,0.9866666793823242,0.028194067999720573,4.0252444e-06,0.8929805755615234,0.43027180433273315
342,0.9666666388511658,0.06560146063566208,4.0252444e-06,0.8990476131439209,0.38567763566970825
343,0.9866666793823242,0.051077138632535934,4.0252444e-06,0.899541437625885,0.395072340965271
344,0.9733333587646484,0.11795700341463089,4.0252444e-06,0.8907936215400696,0.46059486269950867
345,0.9800000190734863,0.06282540410757065,4.0252444e-06,0.8766137361526489,0.5293968915939331
346,0.9399999976158142,0.18886373937129974,4.0252444e-06,0.8902292847633362,0.4370633065700531
347,0.9333333373069763,0.15375925600528717,4.0252444e-06,0.8780952095985413,0.4552801251411438
348,0.9599999785423279,0.11391513794660568,4.0252444e-06,0.8818342089653015,0.42671796679496765
349,0.9800000190734863,0.07642535865306854,4.0252444e-06,0.8890299797058105,0.4057946801185608
350,0.9466666579246521,0.15728819370269775,4.0252444e-06,0.8919224143028259,0.4284569025039673
351,0.9733333587646484,0.09477771818637848,4.0252444e-06,0.8488183617591858,0.5840243101119995
352,0.9866666793823242,0.045781224966049194,4.0252444e-06,0.8908641934394836,0.4569905698299408
353,0.9666666388511658,0.09217740595340729,4.0252444e-06,0.8982716202735901,0.4469398260116577
354,0.9599999785423279,0.12376321107149124,4.0252444e-06,0.8955202698707581,0.4006631374359131
355,0.9866666793823242,0.055494274944067,4.0252444e-06,0.8938271403312683,0.40277016162872314
356,0.9800000190734863,0.07319235801696777,4.0252444e-06,0.8883950710296631,0.4227789342403412
357,0.9599999785423279,0.09122921526432037,4.0252444e-06,0.8804938197135925,0.5241743326187134
358,0.9733333587646484,0.07022150605916977,4.0252444e-06,0.8913580179214478,0.4148084819316864
359,0.9466666579246521,0.12486398965120316,4.0252444e-06,0.8004938364028931,0.8492367267608643
360,0.9666666388511658,0.13557757437229156,4.0252444e-06,0.8952381014823914,0.40077435970306396
361,0.9599999785423279,0.10366125404834747,4.0252444e-06,0.8773897886276245,0.4612849950790405
362,0.9666666388511658,0.05902337282896042,4.0252444e-06,0.8917813301086426,0.41009610891342163
363,0.9599999785423279,0.10949485749006271,4.0252444e-06,0.8948853611946106,0.38892820477485657
364,0.9599999785423279,0.09638048708438873,4.0252444e-06,0.8984832167625427,0.39804190397262573
365,0.9733333587646484,0.09790913760662079,4.0252444e-06,0.8828218579292297,0.44389647245407104
366,0.9800000190734863,0.12022511661052704,4.0252444e-06,0.9006701707839966,0.362490177154541
367,0.9666666388511658,0.10559353977441788,4.0252444e-06,0.9013051390647888,0.36764299869537354
368,0.9800000190734863,0.05960003659129143,4.0252444e-06,0.9002469182014465,0.3624474108219147
369,0.9733333587646484,0.11962494254112244,4.0252444e-06,0.8958024978637695,0.3728133738040924
370,0.95333331823349,0.13887082040309906,4.0252444e-06,0.9005290865898132,0.35043492913246155
371,0.9800000190734863,0.06758516281843185,4.0252444e-06,0.9073016047477722,0.33556196093559265
372,0.9800000190734863,0.03370444476604462,4.0252444e-06,0.8989771008491516,0.3894627094268799
373,0.9599999785423279,0.07465803623199463,4.0252444e-06,0.896437406539917,0.3926198184490204
374,0.9666666388511658,0.11950566619634628,4.0252444e-06,0.9012345671653748,0.3510785698890686
375,0.9800000190734863,0.09573345631361008,4.0252444e-06,0.8981305360794067,0.382090300321579
376,0.9733333587646484,0.08709569275379181,4.0252444e-06,0.8858553767204285,0.4755680561065674
377,0.9666666388511658,0.09584251046180725,4.0252444e-06,0.9028571248054504,0.41292229294776917
378,0.9800000190734863,0.0893639475107193,4.0252444e-06,0.9013756513595581,0.41084709763526917
379,0.9800000190734863,0.057214125990867615,4.0252444e-06,0.9015873074531555,0.44038155674934387
380,0.9866666793823242,0.06094035506248474,4.0252444e-06,0.9051146507263184,0.38726806640625
381,0.9800000190734863,0.0471186637878418,4.0252444e-06,0.8870546817779541,0.4451647102832794
382,0.9666666388511658,0.12125330418348312,4.0252444e-06,0.9039153456687927,0.4016324579715729
383,0.9733333587646484,0.05200161039829254,4.0252444e-06,0.8978483080863953,0.4359978437423706
384,0.9399999976158142,0.17866024374961853,4.0252444e-06,0.900881826877594,0.4005625545978546
385,0.9599999785423279,0.13995549082756042,4.0252444e-06,0.9057495594024658,0.3579452335834503
386,0.9933333396911621,0.031094230711460114,4.0252444e-06,0.8998941779136658,0.40038394927978516
387,0.9733333587646484,0.1442384123802185,4.0252444e-06,0.9062433838844299,0.3632888197898865
388,0.9933333396911621,0.035058099776506424,4.0252444e-06,0.9032804369926453,0.3884115219116211
389,0.9800000190734863,0.08598897606134415,4.0252444e-06,0.9056789875030518,0.37415844202041626
390,0.9866666793823242,0.060251399874687195,4.0252444e-06,0.8940387964248657,0.446075975894928
391,0.9733333587646484,0.07093973457813263,4.0252444e-06,0.8991886973381042,0.41925954818725586
392,0.9666666388511658,0.07798732817173004,4.0252444e-06,0.9014462232589722,0.4079958200454712
393,0.95333331823349,0.13478346168994904,4.0252444e-06,0.9041975140571594,0.36671894788742065
394,0.9733333587646484,0.06363892555236816,4.0252444e-06,0.9056084752082825,0.371478796005249
395,0.9599999785423279,0.07874531298875809,4.0252444e-06,0.8979188799858093,0.43445298075675964
396,0.9733333587646484,0.10818301886320114,4.0252444e-06,0.8997530937194824,0.37692099809646606
397,0.9866666793823242,0.03791408613324165,4.0252444e-06,0.9042680859565735,0.3735318183898926
398,0.9599999785423279,0.07671338319778442,4.0252444e-06,0.9039153456687927,0.40505465865135193
399,0.9666666388511658,0.06527187675237656,4.0252444e-06,0.8720282316207886,0.5473753809928894
400,0.9800000190734863,0.09848759323358536,4.0252444e-06,0.899118185043335,0.40726974606513977
401,0.9800000190734863,0.04722430184483528,4.0252444e-06,0.8977072238922119,0.43324899673461914
402,0.9733333587646484,0.07959453761577606,4.0252444e-06,0.8907231092453003,0.4673045575618744
403,0.9666666388511658,0.10792955756187439,4.0252444e-06,0.8814109563827515,0.5122917890548706
404,0.9599999785423279,0.09414735436439514,4.0252444e-06,0.8717460036277771,0.4818649888038635
405,0.9733333587646484,0.09041853994131088,4.0252444e-06,0.8917107582092285,0.4514981210231781
406,0.9466666579246521,0.12436947226524353,4.0252444e-06,0.8913580179214478,0.39143866300582886
407,0.9800000190734863,0.08414624631404877,4.0252444e-06,0.8847266435623169,0.4517318606376648
408,0.9599999785423279,0.09590039402246475,4.0252444e-06,0.8507230877876282,0.7079386711120605
409,0.9800000190734863,0.07820172607898712,4.0252444e-06,0.9001058340072632,0.3785836696624756
410,0.9733333587646484,0.0703737735748291,4.0252444e-06,0.8996120095252991,0.362806499004364
411,0.9733333587646484,0.08053344488143921,4.0252444e-06,0.9014462232589722,0.41122671961784363
412,0.95333331823349,0.08692415803670883,4.0252444e-06,0.8720987439155579,0.541130006313324
413,0.9733333587646484,0.06756258010864258,4.0252444e-06,0.902222216129303,0.4011283814907074
414,0.9599999785423279,0.09414732456207275,4.0252444e-06,0.8879717588424683,0.42820578813552856
415,0.9800000190734863,0.0833849385380745,4.0252444e-06,0.904902994632721,0.3845067024230957
416,0.9599999785423279,0.12397772818803787,4.0252444e-06,0.9048324227333069,0.394217312335968
417,0.9866666793823242,0.034638069570064545,4.0252444e-06,0.9038447737693787,0.41692981123924255
418,0.9800000190734863,0.04646923020482063,4.0252444e-06,0.9071605205535889,0.37303122878074646
419,0.9666666388511658,0.09622684866189957,4.0252444e-06,0.9038447737693787,0.3988562822341919
420,0.9666666388511658,0.06712495535612106,4.0252444e-06,0.8869135975837708,0.4354816973209381
421,0.9733333587646484,0.07853800803422928,4.0252444e-06,0.9006701707839966,0.38961178064346313
422,0.9800000190734863,0.05272340402007103,4.0252444e-06,0.9006701707839966,0.4001728594303131
423,0.9800000190734863,0.08804582804441452,4.0252444e-06,0.903633177280426,0.3819664418697357
424,0.9866666793823242,0.03282851725816727,4.0252444e-06,0.9059612154960632,0.3823894262313843
425,0.9733333587646484,0.07864362001419067,4.0252444e-06,0.9003880023956299,0.41339513659477234
426,0.9933333396911621,0.03957664966583252,4.0252444e-06,0.9041270017623901,0.4154101610183716
427,0.9733333587646484,0.06741907447576523,4.0252444e-06,0.904902994632721,0.38622963428497314
428,0.9599999785423279,0.12501902878284454,4.0252444e-06,0.9021517038345337,0.39016205072402954
429,0.9800000190734863,0.07912470400333405,4.0252444e-06,0.9092769026756287,0.3649757206439972
430,0.9733333587646484,0.08056788146495819,4.0252444e-06,0.8911463618278503,0.39581528306007385
431,0.9599999785423279,0.11546928435564041,4.0252444e-06,0.895097017288208,0.382816880941391
432,0.9666666388511658,0.06420265883207321,4.0252444e-06,0.900881826877594,0.37918615341186523
433,0.9933333396911621,0.03194744512438774,4.0252444e-06,0.896860659122467,0.3819144070148468
434,0.9733333587646484,0.1138899102807045,4.0252444e-06,0.8891710638999939,0.4063078761100769
435,0.9666666388511658,0.06901590526103973,4.0252444e-06,0.8660317659378052,0.5007561445236206
436,0.9733333587646484,0.051648322492837906,4.0252444e-06,0.8922045826911926,0.5010796189308167
437,0.9733333587646484,0.057359084486961365,4.0252444e-06,0.9012345671653748,0.36280953884124756
438,0.9599999785423279,0.13786892592906952,4.0252444e-06,0.9053263068199158,0.36048704385757446
439,0.9866666793823242,0.027543192729353905,4.0252444e-06,0.8986948728561401,0.4305179715156555
440,0.9733333587646484,0.11642386019229889,4.0252444e-06,0.900881826877594,0.371957927942276
441,0.9800000190734863,0.05503595992922783,4.0252444e-06,0.9037742614746094,0.35904502868652344
442,0.95333331823349,0.14330101013183594,4.0252444e-06,0.8833156824111938,0.49181002378463745
443,0.9666666388511658,0.08287487179040909,4.0252444e-06,0.8904409408569336,0.48318424820899963
444,0.9599999785423279,0.21850945055484772,4.0252444e-06,0.8658906817436218,0.5128816962242126
445,0.9666666388511658,0.1509760469198227,4.0252444e-06,0.9053968191146851,0.34277963638305664
446,0.9733333587646484,0.068498894572258,4.0252444e-06,0.9040564298629761,0.3640162944793701
447,0.9599999785423279,0.12043868750333786,4.0252444e-06,0.903562605381012,0.3632277548313141
448,0.9800000190734863,0.08525457233190536,4.0252444e-06,0.9005996584892273,0.382361501455307
449,0.9933333396911621,0.025849545374512672,4.0252444e-06,0.902292788028717,0.3894159495830536
450,0.9333333373069763,0.18803393840789795,4.0252444e-06,0.8949559330940247,0.3853423595428467
451,1.0,0.022287610918283463,4.0252444e-06,0.9002469182014465,0.41139787435531616
452,0.9933333396911621,0.020270075649023056,4.0252444e-06,0.9051146507263184,0.38415202498435974
453,0.9466666579246521,0.13837479054927826,4.0252444e-06,0.900881826877594,0.37801632285118103
454,0.9399999976158142,0.12401537597179413,4.0252444e-06,0.9013756513595581,0.36460140347480774
455,0.9733333587646484,0.08691512048244476,4.0252444e-06,0.904973566532135,0.36227884888648987
456,0.9733333587646484,0.05662240833044052,4.0252444e-06,0.904973566532135,0.3720375597476959
457,0.9666666388511658,0.07571911811828613,4.0252444e-06,0.9072310328483582,0.3700149357318878
458,0.9800000190734863,0.07793845236301422,4.0252444e-06,0.8902997970581055,0.4407908320426941
459,0.9466666579246521,0.1902785748243332,4.0252444e-06,0.8749911785125732,0.4905945360660553
460,0.9733333587646484,0.0691136047244072,4.0252444e-06,0.9015873074531555,0.388110876083374
461,0.9733333587646484,0.05714702606201172,4.0252444e-06,0.8932628035545349,0.4028761088848114
462,0.9866666793823242,0.05052805319428444,4.0252444e-06,0.900458574295044,0.4426003396511078
463,0.9866666793823242,0.031160390004515648,4.0252444e-06,0.8972133994102478,0.41420066356658936
464,0.9733333587646484,0.09179626405239105,4.0252444e-06,0.8880423307418823,0.4331219792366028
465,0.9866666793823242,0.036313533782958984,4.0252444e-06,0.9019400477409363,0.4055382311344147
466,0.9933333396911621,0.022198453545570374,4.0252444e-06,0.8941093683242798,0.4546951949596405
467,0.9800000190734863,0.07214359939098358,4.0252444e-06,0.9043385982513428,0.3944578170776367
468,0.9666666388511658,0.08751051872968674,4.0252444e-06,0.8847266435623169,0.4403724670410156
469,0.9800000190734863,0.07421856373548508,4.0252444e-06,0.8914991021156311,0.4235285520553589
470,0.9733333587646484,0.07200030237436295,4.0252444e-06,0.8419753313064575,0.727907657623291
471,0.9733333587646484,0.0457727387547493,4.0252444e-06,0.8978483080863953,0.42082440853118896
472,0.9733333587646484,0.07380954176187515,4.0252444e-06,0.8938977122306824,0.41342705488204956
473,0.9932885766029358,0.0331353060901165,4.0252444e-06,0.896437406539917,0.43445929884910583
474,0.9866666793823242,0.02694876678287983,4.0252444e-06,0.8992592692375183,0.4399135112762451
475,0.9933333396911621,0.05562349781394005,4.0252444e-06,0.9006701707839966,0.4047548174858093
476,0.9866666793823242,0.027892818674445152,4.0252444e-06,0.9042680859565735,0.42521265149116516
477,0.9599999785423279,0.0702720656991005,4.0252444e-06,0.8649029731750488,0.5975875854492188
478,0.9733333587646484,0.17788369953632355,4.0252444e-06,0.8454321026802063,0.6251503229141235
479,0.9866666793823242,0.038603562861680984,4.0252444e-06,0.8938977122306824,0.4194713830947876
480,0.9599999785423279,0.08818954229354858,4.0252444e-06,0.900458574295044,0.40073147416114807
481,0.9599999785423279,0.07593639940023422,4.0252444e-06,0.9003880023956299,0.42063841223716736
482,0.9733333587646484,0.10029322654008865,4.0252444e-06,0.9041975140571594,0.38348186016082764
483,0.9599999785423279,0.1261034458875656,4.0252444e-06,0.9063844680786133,0.36597150564193726
484,0.9866666793823242,0.05380697920918465,4.0252444e-06,0.904902994632721,0.37136510014533997
485,0.9666666388511658,0.08264122903347015,4.0252444e-06,0.9074426889419556,0.35180386900901794
486,0.9666666388511658,0.10875488072633743,4.0252444e-06,0.8958730101585388,0.39104557037353516
487,0.9800000190734863,0.06900622695684433,4.0252444e-06,0.8986948728561401,0.4399127662181854
488,0.9666666388511658,0.0772477313876152,4.0252444e-06,0.899541437625885,0.3813362419605255
489,0.9866666793823242,0.06291068345308304,4.0252444e-06,0.9032098650932312,0.3629218339920044
490,0.9800000190734863,0.06095234677195549,4.0252444e-06,0.9005996584892273,0.3838980495929718
491,0.9599999785423279,0.1127048134803772,4.0252444e-06,0.902292788028717,0.3826824426651001
492,0.9733333587646484,0.07408609241247177,4.0252444e-06,0.8989771008491516,0.4113028347492218
493,0.9666666388511658,0.14555023610591888,4.0252444e-06,0.9026455283164978,0.3612976372241974
494,0.9599999785423279,0.11079340428113937,4.0252444e-06,0.8902997970581055,0.3961442708969116
495,0.9800000190734863,0.05768042430281639,4.0252444e-06,0.9029276967048645,0.37335750460624695
496,1.0,0.024302441626787186,4.0252444e-06,0.9034215211868286,0.3985624611377716
497,0.9933333396911621,0.0377059206366539,4.0252444e-06,0.9061728119850159,0.3983968496322632
498,0.95333331823349,0.07934820652008057,4.0252444e-06,0.9030687808990479,0.4000362753868103
499,0.9733333587646484,0.05235302448272705,4.0252444e-06,0.9009523987770081,0.46302682161331177
